Compiling the C compiler identification source file "CMakeCCompilerId.c" failed.
Compiler: C:/Users/seperez1/AppData/Local/Android/Sdk/ndk/25.1.8937393/toolchains/llvm/prebuilt/windows-x86_64/bin/clang.exe 
Build flags: -g;-DANDROID;-fdata-sections;-ffunction-sections;-funwind-tables;-fstack-protector-strong;-no-canonical-prefixes;-D_FORTIFY_SOURCE=2;-Wformat;-Werror=format-security;
Id flags: -c;--target=aarch64-none-linux-android27 

The output was:
1
clang: error: no such file or directory: 'CMakeCCompilerId.c'
clang: error: no input files


Compiling the C compiler identification source file "CMakeCCompilerId.c" failed.
Compiler: C:/Users/seperez1/AppData/Local/Android/Sdk/ndk/25.1.8937393/toolchains/llvm/prebuilt/windows-x86_64/bin/clang.exe 
Build flags: -g;-DANDROID;-fdata-sections;-ffunction-sections;-funwind-tables;-fstack-protector-strong;-no-canonical-prefixes;-D_FORTIFY_SOURCE=2;-Wformat;-Werror=format-security;
Id flags:  

The output was:
1
lld: error: unable to find library -lssp_nonshared
lld: error: unable to find library -lssp
lld: error: unable to find library -lmingw32
lld: error: unable to find library -lgcc
lld: error: unable to find library -lgcc_eh
lld: error: unable to find library -lmoldname
lld: error: unable to find library -lmingwex
lld: error: unable to find library -lmsvcrt
lld: error: unable to find library -ladvapi32
lld: error: unable to find library -lshell32
lld: error: unable to find library -luser32
lld: error: unable to find library -lkernel32
lld: error: unable to find library -lmingw32
lld: error: unable to find library -lgcc
lld: error: unable to find library -lgcc_eh
lld: error: unable to find library -lmoldname
lld: error: unable to find library -lmingwex
lld: error: unable to find library -lmsvcrt
lld: error: unable to find library -lkernel32
clang: error: linker command failed with exit code 1 (use -v to see invocation)


Detecting C compiler ABI info failed to compile with the following output:
Change Dir: C:/Users/seperez1/Downloads/BeatLooper_v4_fixed/BeatLooper/app/.cxx/Debug/304u2464/arm64-v8a/CMakeFiles/CMakeTmp

Run Build Command(s):C:\Users\seperez1\AppData\Local\Android\Sdk\cmake\3.22.1\bin\ninja.exe cmTC_254ad && ninja: error: unknown target 'cmTC_254ad'




Detecting C compiler ABI info failed to compile with the following output:
Change Dir: C:/Users/seperez1/Downloads/BeatLooper_v4_fixed/BeatLooper/app/.cxx/Debug/304u2464/arm64-v8a/CMakeFiles/CMakeTmp

Run Build Command(s):C:\Users\seperez1\AppData\Local\Android\Sdk\cmake\3.22.1\bin\ninja.exe cmTC_e75c6 && ninja: error: loading 'build.ninja': Le fichier spÚcifiÚ est introuvable.





Determining if the C compiler works failed with the following output:
Change Dir: C:/Users/seperez1/Downloads/BeatLooper_v4_fixed/BeatLooper/app/.cxx/Debug/304u2464/arm64-v8a/CMakeFiles/CMakeTmp

Run Build Command(s):C:\Users\seperez1\AppData\Local\Android\Sdk\cmake\3.22.1\bin\ninja.exe cmTC_6ca62 && ninja: error: unknown target 'cmTC_6ca62'



Determining if the C compiler works failed with the following output:
Change Dir: C:/Users/seperez1/Downloads/BeatLooper_v4_fixed/BeatLooper/app/.cxx/Debug/304u2464/arm64-v8a/CMakeFiles/CMakeTmp

Run Build Command(s):C:\Users\seperez1\AppData\Local\Android\Sdk\cmake\3.22.1\bin\ninja.exe cmTC_78423 && ninja: error: loading 'build.ninja': Le fichier spÚcifiÚ est introuvable.




